2015.04.12 23:24:09 -  INFO [MainET.java:63]: ]]]]]]]]]]]]]]]]]]]]********************[[[[[[[[[[[[[[[[[[[
2015.04.12 23:24:09 -  INFO [MainET.java:64]: Title:: News & Events > What's New Related to Drugs
2015.04.12 23:24:09 -  INFO [MainET.java:67]: http://www.fda.gov/Drugs/NewsEvents/ucm130958.htm
2015.04.12 23:24:09 -  INFO [DateValidator.java:50]: Today Date:April 12, 2015
2015.04.12 23:24:10 -  INFO [DateValidator.java:61]: Last Updated Date:April 10, 2015
2015.04.12 23:24:10 -  INFO [DateValidator.java:68]: Latest News Date:April 10, 2015
2015.04.12 23:24:10 -  INFO [DateValidator.java:89]: System Date and Last Updated Date NOT MATCHED!!
2015.04.12 23:24:10 -  WARN [MainET.java:76]: -->DateValidator has been overridden<--
2015.04.12 23:24:11 -  INFO [RetrieveURL.java:73]: No. of News and Events found on April 10, 2015: 7
2015.04.12 23:24:11 -  INFO [RetrieveURL.java:81]: 1 - Baxter Initiates Voluntary Recall of Select Lots of IV Solutions Due to the Potential Presence of Particulate Matter (http://www.fda.gov/Safety/Recalls/ucm442074.htm)
2015.04.12 23:24:11 -  INFO [RetrieveURL.java:81]: 2 - Drug Firm Annual Registration Status (http://www.accessdata.fda.gov/scripts/cder/drls/default.cfm)
2015.04.12 23:24:11 -  INFO [RetrieveURL.java:81]: 3 - Drug Firm Annual Registration Status Download File (http://www.fda.gov/Drugs/InformationOnDrugs/ucm135778.htm)
2015.04.12 23:24:11 -  INFO [RetrieveURL.java:81]: 4 - Drug Shortages Infographic (http://www.fda.gov/Drugs/DrugSafety/DrugShortages/ucm441579.htm)
2015.04.12 23:24:12 -  INFO [RetrieveURL.java:81]: 5 - FDA continues to warn consumers not to use Eu Yan Sang (Hong Kong) Ltd.’s “Bo Ying compound" (http://www.fda.gov/Drugs/DrugSafety/ucm416220.htm)
2015.04.12 23:24:12 -  INFO [RetrieveURL.java:81]: 6 - Meeting Information (http://www.fda.gov/Drugs/DevelopmentApprovalProcess/SmallBusinessAssistance/ucm440627.htm)
2015.04.12 23:24:12 -  INFO [RetrieveURL.java:81]: 7 - National Drug Code Directory (http://www.fda.gov/Drugs/InformationOnDrugs/ucm142438.htm)
2015.04.12 23:24:13 -  INFO [RetrieveURL.java:128]: | | Baxter Initiates Voluntary Recall of Select Lots of IV Solutions Due to the Potential Presence of Particulate Matter | |
2015.04.12 23:24:23 -  INFO [RetrieveURL.java:139]: Title:: Recalls, Market Withdrawals, & Safety Alerts > Baxter Initiates Voluntary Recall of Select Lots of IV Solutions Due to the Potential Presence of Particulate Matter
2015.04.12 23:24:37 -  WARN [RetrieveURL.java:176]: No PDF or ZIP found!
2015.04.12 23:24:37 -  INFO [RetrieveURL.java:128]: | | Drug Firm Annual Registration Status | |
2015.04.12 23:24:48 -  INFO [RetrieveURL.java:139]: Title:: Drug Establishments Current Registration Site
2015.04.12 23:24:54 -  INFO [RetrieveURL.java:152]: Guidance for Industry: Providing Regulatory Submissions in Electronic Format -Drug Establishment Registration and Drug Listing
2015.04.12 23:24:54 -  INFO [RetrieveURL.java:153]: http://www.fda.gov/downloads/Drugs/GuidanceComplianceRegulatoryInformation/Guidances/ucm072339.pdf
2015.04.12 23:25:00 -  INFO [RetrieveURL.java:128]: | | Drug Firm Annual Registration Status Download File | |
2015.04.12 23:25:03 -  INFO [RetrieveURL.java:139]: Title:: Drug Approvals and Databases > Drug Establishments Current Registration Site
2015.04.12 23:25:08 -  INFO [RetrieveURL.java:152]: Drug Establishment Annual Registration Status Download File (ZIP - 372KB)
2015.04.12 23:25:08 -  INFO [RetrieveURL.java:153]: http://www.fda.gov/downloads/Drugs/InformationOnDrugs/UCM197817.zip
2015.04.12 23:25:18 -  INFO [RetrieveURL.java:128]: | | Drug Shortages Infographic | |
2015.04.12 23:25:31 -  INFO [RetrieveURL.java:139]: Title:: Drug Shortages > Drug Shortages Infographic
2015.04.12 23:25:35 -  INFO [RetrieveURL.java:152]: Drug Shortages Infographic
2015.04.12 23:25:35 -  INFO [RetrieveURL.java:153]: http://www.fda.gov/downloads/Drugs/DrugSafety/DrugShortages/UCM441583.pdf
2015.04.12 23:25:43 -  INFO [RetrieveURL.java:128]: | | FDA continues to warn consumers not to use Eu Yan Sang (Hong Kong) Ltd.’s “Bo Ying compound" | |
2015.04.12 23:27:51 -  INFO [RetrieveURL.java:139]: Title:: FDA continues to warn consumers not to use Eu Yan Sang (Hong Kong) Ltd.’s “Bo Ying compound"
2015.04.12 23:27:56 -  INFO [RetrieveURL.java:152]: Download form
2015.04.12 23:27:56 -  INFO [RetrieveURL.java:153]: http://www.fda.gov/downloads/AboutFDA/ReportsManualsForms/Forms/UCM163919.pdf
2015.04.12 23:28:06 -  INFO [RetrieveURL.java:128]: | | Meeting Information | |
2015.04.12 23:28:20 -  INFO [RetrieveURL.java:139]: Title:: CDER Small Business and Industry Assistance > FDA Small Business Regulatory Education for Industry (REdI) Conference Spring 2015
2015.04.12 23:28:35 -  WARN [RetrieveURL.java:176]: No PDF or ZIP found!
2015.04.12 23:28:35 -  INFO [RetrieveURL.java:128]: | | National Drug Code Directory | |
2015.04.12 23:28:39 -  INFO [RetrieveURL.java:139]: Title:: Drug Approvals and Databases > National Drug Code Directory
2015.04.12 23:28:44 -  INFO [RetrieveURL.java:152]: NDC Database File (Zip Format) (ZIP - 17.4MB)
2015.04.12 23:28:44 -  INFO [RetrieveURL.java:153]: http://www.fda.gov/downloads/Drugs/DevelopmentApprovalProcess/UCM070838.zip
2015.04.12 23:28:45 -  INFO [RetrieveURL.java:152]: Old NDC Database File (Zip Format) (ZIP - 4.8MB)
2015.04.12 23:28:45 -  INFO [RetrieveURL.java:153]: http://www.fda.gov/downloads/Drugs/InformationOnDrugs/UCM257244.zip
2015.04.12 23:28:56 -  INFO [RetrieveURL.java:189]: Total No. of PDF or ZIP files found: 6
2015.04.12 23:28:56 -  INFO [RetrieveURL.java:196]: Path to save files:D:\Sri Kumaran Cabinet\BITS WILP\Fourth Semester\My Project\CODE\workspace_web_mining\File Download\
2015.04.12 23:28:56 -  INFO [RetrieveURL.java:203]:  - 1 - 
2015.04.12 23:28:56 -  INFO [Downloader.java:51]: Downloading file from: http://www.fda.gov/downloads/Drugs/InformationOnDrugs/UCM257244.zip
2015.04.12 23:30:57 -  INFO [Downloader.java:87]: HTTP/1.1 504 Gateway Time-out
2015.04.12 23:30:57 -  INFO [RetrieveURL.java:203]:  - 2 - 
2015.04.12 23:30:57 -  INFO [Downloader.java:51]: Downloading file from: http://www.fda.gov/downloads/Drugs/GuidanceComplianceRegulatoryInformation/Guidances/ucm072339.pdf
2015.04.12 23:30:59 -  INFO [Downloader.java:56]: HTTP/1.1 200 OK
2015.04.12 23:31:01 -  INFO [Downloader.java:76]: Downloded 105812 bytes. Content-Type: Application/pdf
2015.04.12 23:31:01 -  INFO [RetrieveURL.java:203]:  - 3 - 
2015.04.12 23:31:01 -  INFO [Downloader.java:51]: Downloading file from: http://www.fda.gov/downloads/Drugs/InformationOnDrugs/UCM197817.zip
2015.04.12 23:31:03 -  INFO [Downloader.java:56]: HTTP/1.1 200 OK
2015.04.12 23:31:13 -  INFO [Downloader.java:76]: Downloded 380558 bytes. Content-Type: application/zip
2015.04.12 23:31:13 -  INFO [RetrieveURL.java:203]:  - 4 - 
2015.04.12 23:31:13 -  INFO [Downloader.java:51]: Downloading file from: http://www.fda.gov/downloads/Drugs/DrugSafety/DrugShortages/UCM441583.pdf
2015.04.12 23:31:15 -  INFO [Downloader.java:56]: HTTP/1.1 200 OK
2015.04.12 23:31:19 -  INFO [Downloader.java:76]: Downloded 257032 bytes. Content-Type: Application/pdf
2015.04.12 23:31:19 -  INFO [RetrieveURL.java:203]:  - 5 - 
2015.04.12 23:31:19 -  INFO [Downloader.java:51]: Downloading file from: http://www.fda.gov/downloads/AboutFDA/ReportsManualsForms/Forms/UCM163919.pdf
2015.04.12 23:31:20 -  INFO [Downloader.java:56]: HTTP/1.1 200 OK
2015.04.12 23:32:06 -  INFO [Downloader.java:76]: Downloded 1677316 bytes. Content-Type: Application/pdf
2015.04.12 23:32:06 -  INFO [RetrieveURL.java:203]:  - 6 - 
2015.04.12 23:32:06 -  INFO [Downloader.java:51]: Downloading file from: http://www.fda.gov/downloads/Drugs/DevelopmentApprovalProcess/UCM070838.zip
2015.04.12 23:32:08 -  INFO [Downloader.java:56]: HTTP/1.1 200 OK
2015.04.12 23:42:51 -  INFO [Downloader.java:76]: Downloded 18247368 bytes. Content-Type: application/zip
2015.04.12 23:42:51 -  WARN [RetrieveURL.java:240]: DUPLICATE ENTRIES has been EXCLUDED by hash map
2015.04.12 23:42:51 -  INFO [RetrieveURL.java:241]: Total No. of PDF or ZIP files downloaded: 5
2015.04.12 23:42:51 -  INFO [MainET.java:86]: Execution started on: Sun Apr 12 23:23:30 IST 2015
2015.04.12 23:42:51 -  INFO [MainET.java:89]: Execution ended on: Sun Apr 12 23:42:51 IST 2015
2015.04.12 23:42:57 -  INFO [MainET.java:103]: --COMPLETED--
